<?xml version="1.0" encoding="UTF-8"?>
<!-- Generated by org.testng.reporters.JUnitXMLReporter -->
<testsuite ignored="0" hostname="Rushi" failures="0" tests="3" name="Default test" time="66.348" errors="0" timestamp="2024-08-18T10:34:45 IST">
  <testcase classname="testcase.firsttestfw" name="testZohoSignIn" time="17.978"/>
  <testcase classname="testcase.firsttestfw" name="testZohoSignIn" time="11.477"/>
  <testcase classname="testcase.firsttestfw" name="testZohoSignIn" time="22.662"/>
</testsuite> <!-- Default test -->
