<?xml version="1.0" encoding="UTF-8"?>
<testng-results ignored="0" total="1" passed="1" failed="0" skipped="0">
  <reporter-output>
  </reporter-output>
  <suite started-at="2024-08-16T16:53:24 IST" name="Suite" finished-at="2024-08-16T16:56:08 IST" duration-ms="164009">
    <groups>
    </groups>
    <test started-at="2024-08-16T16:53:24 IST" name="Test" finished-at="2024-08-16T16:56:08 IST" duration-ms="164009">
      <class name="testcase.firsttestfw">
        <test-method is-config="true" signature="setup()[pri:0, instance:testcase.firsttestfw@5fe94a96]" started-at="2024-08-16T16:53:24 IST" name="setup" finished-at="2024-08-16T16:53:34 IST" duration-ms="10294" status="PASS">
          <reporter-output>
          </reporter-output>
        </test-method> <!-- setup -->
        <test-method signature="testZohoSignIn()[pri:0, instance:testcase.firsttestfw@5fe94a96]" started-at="2024-08-16T16:53:34 IST" name="testZohoSignIn" finished-at="2024-08-16T16:56:07 IST" duration-ms="152331" status="PASS">
          <reporter-output>
          </reporter-output>
        </test-method> <!-- testZohoSignIn -->
        <test-method is-config="true" signature="teardown()[pri:0, instance:testcase.firsttestfw@5fe94a96]" started-at="2024-08-16T16:56:07 IST" name="teardown" finished-at="2024-08-16T16:56:08 IST" duration-ms="1154" status="PASS">
          <reporter-output>
          </reporter-output>
        </test-method> <!-- teardown -->
      </class> <!-- testcase.firsttestfw -->
    </test> <!-- Test -->
  </suite> <!-- Suite -->
</testng-results>
