<?xml version="1.0" encoding="UTF-8"?>
<testng-results ignored="0" total="1" passed="1" failed="0" skipped="0">
  <reporter-output>
  </reporter-output>
  <suite started-at="2024-08-15T22:33:22 IST" name="Default suite" finished-at="2024-08-15T22:33:55 IST" duration-ms="32059">
    <groups>
    </groups>
    <test started-at="2024-08-15T22:33:22 IST" name="Default test" finished-at="2024-08-15T22:33:55 IST" duration-ms="32059">
      <class name="testcase.firsttestfw">
        <test-method is-config="true" signature="setup()[pri:0, instance:testcase.firsttestfw@5e0e82ae]" started-at="2024-08-15T22:33:22 IST" name="setup" finished-at="2024-08-15T22:33:29 IST" duration-ms="6518" status="PASS">
          <reporter-output>
          </reporter-output>
        </test-method> <!-- setup -->
        <test-method signature="testZohoSignIn()[pri:0, instance:testcase.firsttestfw@5e0e82ae]" started-at="2024-08-15T22:33:29 IST" name="testZohoSignIn" finished-at="2024-08-15T22:33:52 IST" duration-ms="22853" status="PASS">
          <reporter-output>
          </reporter-output>
        </test-method> <!-- testZohoSignIn -->
        <test-method is-config="true" signature="teardown()[pri:0, instance:testcase.firsttestfw@5e0e82ae]" started-at="2024-08-15T22:33:52 IST" name="teardown" finished-at="2024-08-15T22:33:55 IST" duration-ms="2530" status="PASS">
          <reporter-output>
          </reporter-output>
        </test-method> <!-- teardown -->
      </class> <!-- testcase.firsttestfw -->
    </test> <!-- Default test -->
  </suite> <!-- Default suite -->
</testng-results>
