<?xml version="1.0" encoding="UTF-8"?>
<testng-results ignored="0" total="3" passed="3" failed="0" skipped="0">
  <reporter-output>
  </reporter-output>
  <suite started-at="2024-08-18T10:33:39 IST" name="Default suite" finished-at="2024-08-18T10:34:45 IST" duration-ms="66348">
    <groups>
    </groups>
    <test started-at="2024-08-18T10:33:39 IST" name="Default test" finished-at="2024-08-18T10:34:45 IST" duration-ms="66348">
      <class name="testcase.firsttestfw">
        <test-method is-config="true" signature="setup()[pri:0, instance:testcase.firsttestfw@6743e411]" started-at="2024-08-18T10:33:39 IST" name="setup" finished-at="2024-08-18T10:33:47 IST" duration-ms="7844" status="PASS">
          <reporter-output>
          </reporter-output>
        </test-method> <!-- setup -->
        <test-method signature="testZohoSignIn(java.lang.String,java.lang.String)[pri:0, instance:testcase.firsttestfw@6743e411]" started-at="2024-08-18T10:33:52 IST" name="testZohoSignIn" data-provider="logindata" finished-at="2024-08-18T10:34:10 IST" duration-ms="17978" status="PASS">
          <params>
            <param index="0">
              <value>
                <![CDATA[username]]>
              </value>
            </param>
            <param index="1">
              <value>
                <![CDATA[password]]>
              </value>
            </param>
          </params>
          <reporter-output>
          </reporter-output>
        </test-method> <!-- testZohoSignIn -->
        <test-method signature="testZohoSignIn(java.lang.String,java.lang.String)[pri:0, instance:testcase.firsttestfw@6743e411]" started-at="2024-08-18T10:34:10 IST" name="testZohoSignIn" data-provider="logindata" finished-at="2024-08-18T10:34:22 IST" duration-ms="11477" status="PASS">
          <params>
            <param index="0">
              <value>
                <![CDATA[raj@gmail.com]]>
              </value>
            </param>
            <param index="1">
              <value>
                <![CDATA[padkfjdsk]]>
              </value>
            </param>
          </params>
          <reporter-output>
          </reporter-output>
        </test-method> <!-- testZohoSignIn -->
        <test-method signature="testZohoSignIn(java.lang.String,java.lang.String)[pri:0, instance:testcase.firsttestfw@6743e411]" started-at="2024-08-18T10:34:22 IST" name="testZohoSignIn" data-provider="logindata" finished-at="2024-08-18T10:34:44 IST" duration-ms="22662" status="PASS">
          <params>
            <param index="0">
              <value>
                <![CDATA[rushi.goggle@gmail.com]]>
              </value>
            </param>
            <param index="1">
              <value>
                <![CDATA[Pass@2524]]>
              </value>
            </param>
          </params>
          <reporter-output>
          </reporter-output>
        </test-method> <!-- testZohoSignIn -->
        <test-method is-config="true" signature="teardown()[pri:0, instance:testcase.firsttestfw@6743e411]" started-at="2024-08-18T10:34:44 IST" name="teardown" finished-at="2024-08-18T10:34:45 IST" duration-ms="825" status="PASS">
          <reporter-output>
          </reporter-output>
        </test-method> <!-- teardown -->
      </class> <!-- testcase.firsttestfw -->
    </test> <!-- Default test -->
  </suite> <!-- Default suite -->
</testng-results>
