<?xml version="1.0" encoding="UTF-8"?>
<!-- Generated by org.testng.reporters.JUnitXMLReporter -->
<testsuite ignored="0" hostname="Rushi" failures="1" tests="1" name="Test" time="7.083" errors="0" timestamp="2024-08-18T09:50:08 IST">
  <testcase classname="testcase.firsttestfw" name="testZohoSignIn" time="0.0">
    <failure type="org.testng.TestNGException" message="
Method public void testcase.firsttestfw.testZohoSignIn(java.lang.String,java.lang.String) requires a @DataProvider named : logindata in class utilities.ReadXLdata">
      <![CDATA[org.testng.TestNGException: 
Method public void testcase.firsttestfw.testZohoSignIn(java.lang.String,java.lang.String) requires a @DataProvider named : logindata in class utilities.ReadXLdata
at java.base/java.util.ArrayList.forEach(ArrayList.java:1511)
... Removed 24 stack frames]]>
    </failure>
  </testcase> <!-- testZohoSignIn -->
</testsuite> <!-- Test -->
